{
  "0 debug pnpm:scope": {
    "selected": 1
  },
  "1 error pnpm": {
    "code": "ELIFECYCLE",
    "errno": "ENOENT",
    "syscall": "spawn",
    "file": "sh",
    "pkgid": "sk-password-logins@0.0.1",
    "stage": "dev",
    "script": "svelte-kit dev \"--\"",
    "pkgname": "sk-password-logins",
    "err": {
      "name": "pnpm",
      "message": "sk-password-logins@0.0.1 dev: `svelte-kit dev \"--\"`\nspawn ENOENT",
      "code": "ELIFECYCLE",
      "stack": "pnpm: sk-password-logins@0.0.1 dev: `svelte-kit dev \"--\"`\nspawn ENOENT\n    at ChildProcess.<anonymous> (/home/josh/.asdf/installs/nodejs/16.15.1/.npm/lib/node_modules/pnpm/dist/pnpm.cjs:93917:22)\n    at ChildProcess.emit (node:events:527:28)\n    at maybeClose (node:internal/child_process:1092:16)\n    at Process.ChildProcess._handle.onexit (node:internal/child_process:302:5)"
    }
  },
  "2 warn pnpm:global": " Local package.json exists, but node_modules missing, did you mean to install?"
}